[3-1-2021 18:48:48 Midnightfury] owo log me
[31-1-2021 18:50:22 Midnightfury] no u
[4-1-2021 18:53:09 sirpence] midnightfury is an idiot
[4-1-2021 18:53:17 mechanicalbowtiez] True
[4-1-2021 18:53:18 faith.] yes
[4-1-2021 18:53:28 5720goDtoH] Yep
[4-1-2021 18:53:50 faith.] Gabe’s robot records everything we say
[4-1-2021 18:53:56 faith.] Be afraid
[4-1-2021 18:54:34 5720goDtoH] BAN
[4-1-2021 18:54:50 mechanicalbowtiez] <@!470999454602756098>
[4-1-2021 18:54:55 mechanicalbowtiez] <@!470999454602756098>
[4-1-2021 18:54:57 mechanicalbowtiez] Help
[4-1-2021 18:55:04 faith.] SAMMY BAN GABE
[4-1-2021 18:55:09 mechanicalbowtiez] Your bros being creepy
[4-1-2021 18:55:11 5720goDtoH] <:ban:787766615873421322>
[4-1-2021 18:55:15 5720goDtoH] And the bit
[4-1-2021 18:55:17 DViLL] kinda creepy
[4-1-2021 18:55:21 mechanicalbowtiez] He’s recording everything
[4-1-2021 18:55:27 5720goDtoH] He let me record this
[4-1-2021 18:55:32 5720goDtoH] Gabe is gay
[4-1-2021 18:55:44 5720goDtoH] Doesn't everyone agree?
[4-1-2021 18:55:46 mechanicalbowtiez] I guess it’s true now
[4-1-2021 18:55:51 mechanicalbowtiez] It’s in the logs
[4-1-2021 18:56:00 DViLL] all in the books
[4-1-2021 18:56:19 5720goDtoH] It is now a fact in life that gabe is gay
[4-1-2021 18:56:21 faith.] Everyone vote should we ban Gabe
[4-1-2021 18:56:24 sirpence] <@!470999454602756098>
[4-1-2021 18:56:25 mechanicalbowtiez] <@!470999454602756098>
[4-1-2021 18:56:31 mechanicalbowtiez] <@!470999454602756098>
[4-1-2021 18:56:36 mechanicalbowtiez] <@494268462588362762>
[4-1-2021 18:56:41 mechanicalbowtiez] <@&739165459420807190>
[4-1-2021 18:56:43 5720goDtoH] Woah mega pings
[4-1-2021 18:57:13 mechanicalbowtiez] Help
[4-1-2021 18:57:18 sirpence] can we pls ban midnight
[4-1-2021 18:57:20 faith.] GET GABE BANNED
[4-1-2021 18:57:27 mechanicalbowtiez] Get him banned
[4-1-2021 18:57:33 5720goDtoH] <@707705347170631721> you have the power
[4-1-2021 18:57:37 5720goDtoH] You're an admin
[4-1-2021 18:57:38 mechanicalbowtiez] Stop him from talking
[4-1-2021 18:57:42 5720goDtoH] And ban the bot
[4-1-2021 18:58:06 mechanicalbowtiez] Ban them all
[4-1-2021 18:58:09 faith.] BAN IT ALL
[4-1-2021 18:58:20 5720goDtoH] BAN
[4-1-2021 18:58:20 mechanicalbowtiez] NO ONE TALKS ANYMORE
[4-1-2021 18:58:34 faith.] BOYCOTT THIS SERVER
[4-1-2021 18:58:39 mechanicalbowtiez] We gone
[4-1-2021 18:58:49 5720goDtoH] To oregon
[4-1-2021 18:58:58 mechanicalbowtiez] To Oregon!!
[4-1-2021 18:59:04 sirpence] CANADA
[4-1-2021 18:59:14 5720goDtoH] Orrrrreeeeeegggggggoooooonnnnnnnnnn
[4-1-2021 18:59:16 5720goDtoH] We gone!
[4-1-2021 18:59:17 faith.] 
[4-1-2021 18:59:25 mechanicalbowtiez] North! To Alaska! North! The fight is on!!!!
[4-1-2021 18:59:33 5720goDtoH] *when you got mud on your dick*
[4-1-2021 18:59:40 5720goDtoH] (end act 1)
[4-1-2021 18:59:45 mechanicalbowtiez] Oof
[4-1-2021 19:00:23 faith.] GABE GOT THAT LOGGED
[4-1-2021 19:00:29 mechanicalbowtiez] Lol
