[no-mic 3-1-2021 18:47:16 mechanicalbowtiez] It’s abt identity and awkwardness
[3-1-2021 18:47:59 faith.] ello lov I’m bri’ish at least my skool da-int get shot
[3-1-2021 18:48:27 faith.] her robotic
[3-1-2021 18:48:48 mechanicalbowtiez] Oof oh well
[3-1-2021 18:48:48 faith.] I wish I was short
[3-1-2021 18:48:51 DViLL] boner
[3-1-2021 18:48:56 mechanicalbowtiez] Shut up
[3-1-2021 18:49:06 faith.] Be careful what I wish for: I wish I was short
[3-1-2021 18:49:12 mechanicalbowtiez] This is a Christian Minecraft server nothing bad here
[3-1-2021 18:49:25 faith.] GaBe cAnT sAy ThaT WoRd Its ExPlIcIt
[3-1-2021 18:49:35 mechanicalbowtiez] We should ban them
[3-1-2021 18:49:49 faith.] NO THE BRI’ISH ACCENT CANT GO
[3-1-2021 18:49:56 mechanicalbowtiez] Darn it
[3-1-2021 18:50:04 mechanicalbowtiez] What month is it lololol
[3-1-2021 18:50:09 faith.] April
[31-1-2021 18:50:27 mechanicalbowtiez] Gabe is so freaking dumb sometimes it’s hilarious
[31-1-2021 18:50:27 Midnightfury] e
[31-1-2021 18:50:34 faith.] Gabe is a big nerd
[31-1-2021 18:50:47 faith.] I stereotype americans and I am one
[4-1-2021 18:50:52 mechanicalbowtiez] Same
[4-1-2021 18:50:53 Midnightfury] e
[4-1-2021 18:50:55 faith.] American slander is my favorite
[4-1-2021 18:51:01 faith.] CRACK MONTH?
[4-1-2021 18:51:03 mechanicalbowtiez] Mine too
[4-1-2021 18:52:05 faith.] iM a NERd I hAvE rOoM tO SpaM
[4-1-2021 18:52:06 DViLL] .
[4-1-2021 18:52:08 mechanicalbowtiez] Am I a bot still
[4-1-2021 18:52:23 Midnightfury] 
[4-1-2021 18:52:39 mechanicalbowtiez] Creepy
[4-1-2021 18:52:56 DViLL] cock ranger
[4-1-2021 18:54:05 5720goDtoH] Whoa lots of people herw
[4-1-2021 18:56:46 Midnightfury] Should i remove the logger?
[4-1-2021 18:56:51 mechanicalbowtiez] Yes
[4-1-2021 18:57:39 nature the folf] should <@!385495978469490702> remove the logger?
[4-1-2021 18:57:44 mechanicalbowtiez] Yes
[4-1-2021 18:58:12 5720goDtoH] Yes
[4-1-2021 18:59:46 faith.]
[4-1-2021 19:00:08 DViLL] <:DvillCustomSkinInsta360Go2:819306937970720790>
